prove t
t/aggregate.t ............. ok
t/all.t ................... ok
t/ampersand.t ............. ok
t/anchors.t ............... ok
t/atom.t .................. ok
t/ban-contributors.t ...... ok
t/ban-quick-editors.t ..... ok
t/ban.t ................... ok
t/bbcode.t ................ ok
# Waiting for 48s
t/big-brother.t ........... ok
t/cache.t ................. ok
t/calendar.t .............. ok
t/clusters.t .............. ok
t/comments.t .............. ok
t/config-page.t ........... ok
# Warnings saying that diff and diff3 cannot be found is expected because PATH has been unset.
sh: diff3: No such file or directory
sh: diff: No such file or directory
t/conflict.t .............. ok
t/contributors.t .......... ok
t/cookie.t ................ ok
t/creole.t ................ ok
t/creoleaddition.t ........ ok
t/crossbar.t .............. ok
t/crumbs.t ................ ok
t/css.t ................... ok
t/default-links.t ......... ok
t/default-markup.t ........ ok
t/despam.t ................ ok
t/diff.t .................. ok
t/dotfiles.t .............. ok
t/download.t .............. ok
t/drafts.t ................ ok
t/duckduckgo-search.t ..... ok
t/dynamic-comments.t ...... ok
t/edit-paragraphs.t ....... ok
t/edit.t .................. ok
t/emailquote.t ............ ok
t/enclosure.t ............. ok
t/encoding.t .............. ok
t/fieldlist.t ............. ok
t/find.t .................. ok
t/fix-encoding.t .......... ok
t/footer.t ................ ok
t/git.t ................... ok
t/google-custom-search.t .. ok
t/google-search.t ......... ok
t/gotobar.t ............... ok
t/gravatar.t .............. ok
t/headers.t ............... ok
t/history.t ............... ok
t/hr.t .................... ok
t/htmlcomment.t ........... ok
t/image.t ................. ok
t/include.t ............... ok
t/irc.t ................... ok
t/journal-rss.t ........... ok
t/journal.t ............... ok
t/journal2.t .............. ok
t/journal3.t .............. ok
t/languages.t ............. ok
t/link-all.t .............. ok
t/links.t ................. ok
t/listlocked.t ............ ok
t/localnames.t ............ ok
t/lock-expiration.t ....... ok
t/lock-on-creation.t ...... ok
t/lock.t .................. ok
t/logbannedcontent.t ...... ok
t/macros.t ................ ok
t/mail.t .................. ok
t/maintain.t .............. ok
t/major.t ................. ok
t/markdown-rule.t ......... ok
t/markup-and-creole.t ..... ok
t/markup.t ................ ok
t/merge.t ................. ok
t/meta-data.t ............. ok
t/moin.t .................. ok
t/multi-url-spam-block.t .. ok
t/namespaces.t ............ ok
t/near-links.t ............ ok
t/org-mode.t .............. ok
t/page-trail.t ............ ok
t/pagenames.t ............. ok
t/password.t .............. ok
t/permanent-anchors.t ..... ok
t/portrait-support.t ...... ok
t/private-pages.t ......... ok
Test!64a0209c8ca0abb7ce46987d9969084e
Test!64a0209c8ca0abb7ce46987d9969084e
t/private-wiki.t .......... ok
[Sun Aug 16 07:33:16 2015] questionasker.t: utf8 "\x99" does not map to Unicode at wiki.pl line 2834.
[Sun Aug 16 07:33:16 2015] questionasker.t: utf8 "\xF5" does not map to Unicode at wiki.pl line 2834.
[Sun Aug 16 07:33:16 2015] questionasker.t: utf8 "\xD6" does not map to Unicode at wiki.pl line 2834.
[Sun Aug 16 07:33:16 2015] questionasker.t: utf8 "\x9E" does not map to Unicode at wiki.pl line 2834.
[Sun Aug 16 07:33:16 2015] questionasker.t: utf8 "\xD5" does not map to Unicode at wiki.pl line 2834.
[Sun Aug 16 07:33:16 2015] questionasker.t: utf8 "\xB9" does not map to Unicode at wiki.pl line 2834.
[Sun Aug 16 07:33:16 2015] questionasker.t: utf8 "\x9A" does not map to Unicode at wiki.pl line 2834.
[Sun Aug 16 07:33:16 2015] questionasker.t: utf8 "\xE4" does not map to Unicode at wiki.pl line 2834.
[Sun Aug 16 07:33:16 2015] questionasker.t: utf8 "\x8E" does not map to Unicode at wiki.pl line 2834.
[Sun Aug 16 07:33:16 2015] questionasker.t: utf8 "\xB9" does not map to Unicode at wiki.pl line 2834.
[Sun Aug 16 07:33:16 2015] questionasker.t: utf8 "\xE4" does not map to Unicode at wiki.pl line 2834.
[Sun Aug 16 07:33:16 2015] questionasker.t: utf8 "\xEA" does not map to Unicode at wiki.pl line 2834.
[Sun Aug 16 07:33:16 2015] questionasker.t: utf8 "\xB1" does not map to Unicode at wiki.pl line 2834.
[Sun Aug 16 07:33:16 2015] questionasker.t: utf8 "\xD7" does not map to Unicode at wiki.pl line 2834.
[Sun Aug 16 07:33:16 2015] questionasker.t: utf8 "\xF6" does not map to Unicode at wiki.pl line 2834.
[Sun Aug 16 07:33:16 2015] questionasker.t: utf8 "\xA0" does not map to Unicode at wiki.pl line 2834.
[Sun Aug 16 07:33:16 2015] questionasker.t: utf8 "\xB5" does not map to Unicode at wiki.pl line 2834.
[Sun Aug 16 07:33:16 2015] questionasker.t: utf8 "\x9E" does not map to Unicode at wiki.pl line 2834.
[Sun Aug 16 07:33:16 2015] questionasker.t: utf8 "\xDC" does not map to Unicode at wiki.pl line 2834.
[Sun Aug 16 07:33:16 2015] questionasker.t: utf8 "\xDF" does not map to Unicode at wiki.pl line 2834.
[Sun Aug 16 07:33:16 2015] questionasker.t: utf8 "\xDE" does not map to Unicode at wiki.pl line 2834.
[Sun Aug 16 07:33:16 2015] questionasker.t: utf8 "\xD7" does not map to Unicode at wiki.pl line 2834.
[Sun Aug 16 07:33:16 2015] questionasker.t: utf8 "\x83" does not map to Unicode at wiki.pl line 2834.
[Sun Aug 16 07:33:16 2015] questionasker.t: utf8 "\xDF" does not map to Unicode at wiki.pl line 2834.
[Sun Aug 16 07:33:16 2015] questionasker.t: utf8 "\xC9" does not map to Unicode at wiki.pl line 2834.
[Sun Aug 16 07:33:16 2015] questionasker.t: utf8 "\xE0" does not map to Unicode at wiki.pl line 2834.
[Sun Aug 16 07:33:16 2015] questionasker.t: utf8 "\xC8" does not map to Unicode at wiki.pl line 2834.
[Sun Aug 16 07:33:16 2015] questionasker.t: utf8 "\xD8" does not map to Unicode at wiki.pl line 2834.
[Sun Aug 16 07:33:16 2015] questionasker.t: utf8 "\x9C" does not map to Unicode at wiki.pl line 2834.
[Sun Aug 16 07:33:16 2015] questionasker.t: utf8 "\x81" does not map to Unicode at wiki.pl line 2834.
t/questionasker.t ......... ok
t/questionmark.t .......... ok
t/raw.t ................... ok
t/rc-pagination.t ......... ok
t/rc.t .................... ok
t/recaptcha.t ............. ok
t/redirection.t ........... ok
t/referrer-tracking.t ..... ok
t/revisions.t ............. ok
t/rollback-extras.t ....... ok
t/rollback.t .............. ok
t/rss.t ................... ok
t/search-tag.t ............ ok
t/search.t ................ ok
t/searchtags.t ............ ok
t/security.t .............. ok
t/setext.t ................ ok
t/sidebar.t ............... ok
t/simple-rules.t .......... ok
t/sitemap.t ............... ok
t/static-copy.t ........... ok
t/strange-spam.t .......... ok
t/subscribe.t ............. ok
t/summary.t ............... ok
t/surge-protection.t ...... ok
t/tables-long.t ........... ok
t/tables.t ................ ok
t/tags.t .................. ok
t/tex.t ................... ok
t/toc.t ................... ok
t/translation-links.t ..... ok
t/translations.t .......... ok
t/upgrade-files.t ......... ok
t/upgrade.t ............... ok
t/upload.t ................ ok
t/usemod-options.t ........ ok
t/usemod.t ................ ok
t/weblog-3.t .............. ok
All tests successful.
Files=125, Tests=2747, 446 wallclock secs ( 0.93 usr  0.24 sys + 186.83 cusr 20.08 csys = 208.08 CPU)
Result: PASS
